Using pre-set license
Built from '2022.2/release' branch; Version is '2022.2.13f1 (5f5de2657605) revision 6249954'; Using compiler version '192829333'; Build Type 'Release'
OS: 'Windows 11  (10.0.22621) 64bit Professional' Language: 'en' Physical Memory: 15118 MB
BatchMode: 1, IsHumanControllingUs: 0, StartBugReporterOnCrash: 0, Is64bit: 1, IsPro: 1

COMMAND LINE ARGUMENTS:
C:\Program Files\Unity\Hub\Editor\2022.2.13f1\Editor\Unity.exe
-adb2
-batchMode
-noUpm
-name
AssetImportWorker0
-projectPath
C:/Users/Max/source/repos/ECS189L-GameplayProgramming-Final-Project/Boba
-logFile
Logs/AssetImportWorker0.log
-srvPort
56665
Successfully changed project path to: C:/Users/Max/source/repos/ECS189L-GameplayProgramming-Final-Project/Boba
C:/Users/Max/source/repos/ECS189L-GameplayProgramming-Final-Project/Boba
[UnityMemory] Configuration Parameters - Can be set up in boot.config
    "memorysetup-bucket-allocator-granularity=16"
    "memorysetup-bucket-allocator-bucket-count=8"
    "memorysetup-bucket-allocator-block-size=33554432"
    "memorysetup-bucket-allocator-block-count=8"
    "memorysetup-main-allocator-block-size=16777216"
    "memorysetup-thread-allocator-block-size=16777216"
    "memorysetup-gfx-main-allocator-block-size=16777216"
    "memorysetup-gfx-thread-allocator-block-size=16777216"
    "memorysetup-cache-allocator-block-size=4194304"
    "memorysetup-typetree-allocator-block-size=2097152"
    "memorysetup-profiler-bucket-allocator-granularity=16"
    "memorysetup-profiler-bucket-allocator-bucket-count=8"
    "memorysetup-profiler-bucket-allocator-block-size=33554432"
    "memorysetup-profiler-bucket-allocator-block-count=8"
    "memorysetup-profiler-allocator-block-size=16777216"
    "memorysetup-profiler-editor-allocator-block-size=1048576"
    "memorysetup-temp-allocator-size-main=16777216"
    "memorysetup-job-temp-allocator-block-size=2097152"
    "memorysetup-job-temp-allocator-block-size-background=1048576"
    "memorysetup-job-temp-allocator-reduction-small-platforms=262144"
    "memorysetup-temp-allocator-size-background-worker=32768"
    "memorysetup-temp-allocator-size-job-worker=262144"
    "memorysetup-temp-allocator-size-preload-manager=33554432"
    "memorysetup-temp-allocator-size-nav-mesh-worker=65536"
    "memorysetup-temp-allocator-size-audio-worker=65536"
    "memorysetup-temp-allocator-size-cloud-worker=32768"
    "memorysetup-temp-allocator-size-gi-baking-worker=262144"
    "memorysetup-temp-allocator-size-gfx=262144"
Player connection [22944] Host "[IP] 10.103.138.223 [Port] 0 [Flags] 2 [Guid] 651367207 [EditorId] 651367207 [Version] 1048832 [Id] WindowsEditor(7,X-X) [Debug] 1 [PackageName] WindowsEditor [ProjectName] Editor" joined multi-casting on [225.0.0.222:54997]...

Player connection [22944] Host "[IP] 10.103.138.223 [Port] 0 [Flags] 2 [Guid] 651367207 [EditorId] 651367207 [Version] 1048832 [Id] WindowsEditor(7,X-X) [Debug] 1 [PackageName] WindowsEditor [ProjectName] Editor" joined alternative multi-casting on [225.0.0.222:34997]...

Refreshing native plugins compatible for Editor in 6.93 ms, found 3 plugins.
Preloading 0 native plugins for Editor in 0.00 ms.
Initialize engine version: 2022.2.13f1 (5f5de2657605)
[Subsystems] Discovering subsystems at path C:/Program Files/Unity/Hub/Editor/2022.2.13f1/Editor/Data/Resources/UnitySubsystems
[Subsystems] Discovering subsystems at path C:/Users/Max/source/repos/ECS189L-GameplayProgramming-Final-Project/Boba/Assets
GfxDevice: creating device client; threaded=0; jobified=0
Direct3D:
    Version:  Direct3D 11.0 [level 11.1]
    Renderer: AMD Radeon(TM) Graphics (ID=0x1681)
    Vendor:   ATI
    VRAM:     7559 MB
    Driver:   31.0.12028.2
Initialize mono
Mono path[0] = 'C:/Program Files/Unity/Hub/Editor/2022.2.13f1/Editor/Data/Managed'
Mono path[1] = 'C:/Program Files/Unity/Hub/Editor/2022.2.13f1/Editor/Data/MonoBleedingEdge/lib/mono/unityjit-win32'
Mono config path = 'C:/Program Files/Unity/Hub/Editor/2022.2.13f1/Editor/Data/MonoBleedingEdge/etc'
Using monoOptions --debugger-agent=transport=dt_socket,embedding=1,server=y,suspend=n,address=127.0.0.1:56452
Begin MonoManager ReloadAssembly
Registering precompiled unity dll's ...
Register platform support module: C:/Program Files/Unity/Hub/Editor/2022.2.13f1/Editor/Data/PlaybackEngines/WindowsStandaloneSupport/UnityEditor.WindowsStandalone.Extensions.dll
Registered in 0.005454 seconds.
- Loaded All Assemblies, in  0.320 seconds
Native extension for WindowsStandalone target not found
Mono: successfully reloaded assembly
- Finished resetting the current domain, in  0.293 seconds
Domain Reload Profiling:
	ReloadAssembly (190ms)
		BeginReloadAssembly (94ms)
			ExecutionOrderSort (0ms)
			DisableScriptedObjects (0ms)
			BackupInstance (0ms)
			ReleaseScriptingObjects (0ms)
			CreateAndSetChildDomain (1ms)
		LoadAllAssembliesAndSetupDomain (0ms)
			LoadAssemblies (92ms)
			RebuildTransferFunctionScriptingTraits (0ms)
			SetupTypeCache (123ms)
				TypeCache.Initialize (122ms)
					TypeCache.ScanAssembly (120ms)
				ResolveRequiredComponents (1ms)
		FinalizeReload (0ms)
			ReleaseScriptCaches (0ms)
			RebuildScriptCaches (0ms)
			SetupLoadedEditorAssemblies (232ms)
				LogAssemblyErrors (0ms)
				InitializePlatformSupportModulesInManaged (9ms)
				SetLoadedEditorAssemblies (9ms)
				RefreshPlugins (0ms)
				BeforeProcessingInitializeOnLoad (1ms)
				ProcessInitializeOnLoadAttributes (158ms)
				ProcessInitializeOnLoadMethodAttributes (55ms)
				AfterProcessingInitializeOnLoad (0ms)
				EditorAssembliesLoaded (0ms)
			ExecutionOrderSort2 (0ms)
			AwakeInstancesAfterBackupRestoration (0ms)
========================================================================
Worker process is ready to serve import requests
Begin MonoManager ReloadAssembly
Symbol file LoadedFromMemory doesn't match image C:\Users\Max\source\repos\ECS189L-GameplayProgramming-Final-Project\Boba\Library\PackageCache\com.unity.visualscripting@1.8.0\Editor\VisualScripting.Core\Dependencies\YamlDotNet\Unity.VisualScripting.YamlDotNet.dll
Symbol file LoadedFromMemory doesn't match image C:\Users\Max\source\repos\ECS189L-GameplayProgramming-Final-Project\Boba\Library\PackageCache\com.unity.visualscripting@1.8.0\Editor\VisualScripting.Core\Dependencies\DotNetZip\Unity.VisualScripting.IonicZip.dll
- Loaded All Assemblies, in  0.606 seconds
Refreshing native plugins compatible for Editor in 2.02 ms, found 3 plugins.
Native extension for WindowsStandalone target not found
Mono: successfully reloaded assembly
- Finished resetting the current domain, in  0.402 seconds
Domain Reload Profiling:
	ReloadAssembly (181ms)
		BeginReloadAssembly (108ms)
			ExecutionOrderSort (0ms)
			DisableScriptedObjects (5ms)
			BackupInstance (0ms)
			ReleaseScriptingObjects (0ms)
			CreateAndSetChildDomain (23ms)
		LoadAllAssembliesAndSetupDomain (424ms)
			LoadAssemblies (214ms)
			RebuildTransferFunctionScriptingTraits (0ms)
			SetupTypeCache (256ms)
				TypeCache.Initialize (239ms)
					TypeCache.ScanAssembly (232ms)
				ResolveRequiredComponents (2ms)
		FinalizeReload (0ms)
			ReleaseScriptCaches (0ms)
			RebuildScriptCaches (0ms)
			SetupLoadedEditorAssemblies (284ms)
				LogAssemblyErrors (0ms)
				InitializePlatformSupportModulesInManaged (4ms)
				SetLoadedEditorAssemblies (3ms)
				RefreshPlugins (0ms)
				BeforeProcessingInitializeOnLoad (48ms)
				ProcessInitializeOnLoadAttributes (208ms)
				ProcessInitializeOnLoadMethodAttributes (16ms)
				AfterProcessingInitializeOnLoad (5ms)
				EditorAssembliesLoaded (0ms)
			ExecutionOrderSort2 (0ms)
			AwakeInstancesAfterBackupRestoration (6ms)
Launched and connected shader compiler UnityShaderCompiler.exe after 0.10 seconds
Refreshing native plugins compatible for Editor in 2.66 ms, found 3 plugins.
Preloading 0 native plugins for Editor in 0.00 ms.
Unloading 3063 Unused Serialized files (Serialized files now loaded: 0)
Unloading 31 unused Assets / (66.2 KB). Loaded Objects now: 3527.
Memory consumption went from 112.6 MB to 112.5 MB.
Total: 3.879100 ms (FindLiveObjects: 0.261200 ms CreateObjectMapping: 0.214900 ms MarkObjects: 3.282400 ms  DeleteObjects: 0.119500 ms)

AssetImportParameters requested are different than current active one (requested -> active):
  custom:container-demuxer-ogg: 62fdf1f143b41e24485cea50d1cbac27 -> 
  custom:video-codec-MediaFoundation-h265: 746d11721c4dcdbdad8f713fa42b33f4 -> 
  custom:video-decoder-ogg-theora: a1e56fd34408186e4bbccfd4996cb3dc -> 
  custom:framework-win-MediaFoundation: 216162199b28c13a410421893ffa2e32 -> 
  custom:container-demuxer-webm: 4f35f7cbe854078d1ac9338744f61a02 -> 
  custom:container-muxer-webm: aa71ff27fc2769a1b78a27578f13a17b -> 
  custom:video-decoder-webm-vp8: 9c59270c3fd7afecdb556c50c9e8de78 -> 
  custom:AudioImporter_EditorPlatform: d09bf68614088b80899f8185d706f6e7 -> 
  custom:video-encoder-webm-vp8: eb34c28f22e8b96e1ab97ce403110664 -> 
  custom:audio-decoder-ogg-vorbis: bf7c407c2cedff20999df2af8eb42d56 -> 
  custom:audio-encoder-webm-vorbis: bf7c407c2cedff20999df2af8eb42d56 -> 
========================================================================
Received Import Request.
  Time since last request: 163420.820256 seconds.
  path: Assets/CoffeeShopStarterPack/Textures/bar.png
  artifactKey: Guid(9f5b42e6619444d599114333c7341d05) Importer(815301076,1909f56bfc062723c751e8b465ee728b)
Start importing Assets/CoffeeShopStarterPack/Textures/bar.png using Guid(9f5b42e6619444d599114333c7341d05) Importer(815301076,1909f56bfc062723c751e8b465ee728b)  -> (artifact id: '1b3f7ebb5b4eada61713362345e753c1') in 0.089108 seconds
Number of updated asset objects reloaded before import = 0
Number of asset objects unloaded after import = 3
========================================================================
Received Import Request.
  Time since last request: 0.000015 seconds.
  path: Assets/CoffeeShopStarterPack/Textures/coffee_particle.png
  artifactKey: Guid(06b26642f4b1d49c4abde0bf70c5cf8a) Importer(815301076,1909f56bfc062723c751e8b465ee728b)
Start importing Assets/CoffeeShopStarterPack/Textures/coffee_particle.png using Guid(06b26642f4b1d49c4abde0bf70c5cf8a) Importer(815301076,1909f56bfc062723c751e8b465ee728b)  -> (artifact id: 'c64a55e734f0f308b230bcc86f1013f9') in 0.005165 seconds
Number of updated asset objects reloaded before import = 0
Number of asset objects unloaded after import = 2
========================================================================
Received Import Request.
  Time since last request: 0.000026 seconds.
  path: Assets/CoffeeShopStarterPack/Textures/color_palette02.png
  artifactKey: Guid(085663e8fdbdf45e4b764579ce922057) Importer(815301076,1909f56bfc062723c751e8b465ee728b)
Start importing Assets/CoffeeShopStarterPack/Textures/color_palette02.png using Guid(085663e8fdbdf45e4b764579ce922057) Importer(815301076,1909f56bfc062723c751e8b465ee728b)  -> (artifact id: '17263a42e00b5fe93741508ad8d17472') in 0.008374 seconds
Number of updated asset objects reloaded before import = 0
Number of asset objects unloaded after import = 2
========================================================================
Received Import Request.
  Time since last request: 2.037068 seconds.
  path: Assets/CoffeeShopStarterPack/Materials/basic.mat
  artifactKey: Guid(c84dda17c95484eaca9d29a983138b14) Importer(815301076,1909f56bfc062723c751e8b465ee728b)
Start importing Assets/CoffeeShopStarterPack/Materials/basic.mat using Guid(c84dda17c95484eaca9d29a983138b14) Importer(815301076,1909f56bfc062723c751e8b465ee728b)  -> (artifact id: 'a3f1c1093da4140c4e04ed5dfc6c78e1') in 0.290615 seconds
Number of updated asset objects reloaded before import = 0
Number of asset objects unloaded after import = 2
========================================================================
Received Import Request.
  Time since last request: 0.000019 seconds.
  path: Assets/CoffeeShopStarterPack/Materials/basic_plant.mat
  artifactKey: Guid(f54232aba16bf4b04ac8377906f459e6) Importer(815301076,1909f56bfc062723c751e8b465ee728b)
Start importing Assets/CoffeeShopStarterPack/Materials/basic_plant.mat using Guid(f54232aba16bf4b04ac8377906f459e6) Importer(815301076,1909f56bfc062723c751e8b465ee728b)  -> (artifact id: 'db92f3420e11e52130a02de3433918b1') in 0.017327 seconds
Number of updated asset objects reloaded before import = 0
Number of asset objects unloaded after import = 2
========================================================================
Received Import Request.
  Time since last request: 0.000025 seconds.
  path: Assets/CoffeeShopStarterPack/Materials/basic_metal.mat
  artifactKey: Guid(d7001360c93874980a7a04139e88396f) Importer(815301076,1909f56bfc062723c751e8b465ee728b)
Start importing Assets/CoffeeShopStarterPack/Materials/basic_metal.mat using Guid(d7001360c93874980a7a04139e88396f) Importer(815301076,1909f56bfc062723c751e8b465ee728b)  -> (artifact id: 'ac4d5c5528c775c1173b7f869aabc566') in 0.016932 seconds
Number of updated asset objects reloaded before import = 0
Number of asset objects unloaded after import = 2
========================================================================
Received Import Request.
  Time since last request: 0.000016 seconds.
  path: Assets/CoffeeShopStarterPack/Materials/GridPlane.mat
  artifactKey: Guid(9a6e5c255d5684847a52f3498c9496f2) Importer(815301076,1909f56bfc062723c751e8b465ee728b)
Start importing Assets/CoffeeShopStarterPack/Materials/GridPlane.mat using Guid(9a6e5c255d5684847a52f3498c9496f2) Importer(815301076,1909f56bfc062723c751e8b465ee728b)  -> (artifact id: 'dbec79d09e10c8c34a7e750205a0c731') in 0.164709 seconds
Number of updated asset objects reloaded before import = 0
Number of asset objects unloaded after import = 1
========================================================================
Received Import Request.
  Time since last request: 0.000045 seconds.
  path: Assets/CoffeeShopStarterPack/Materials/transparan.mat
  artifactKey: Guid(2fbdaf6467d4342e6861bed4e750a9bf) Importer(815301076,1909f56bfc062723c751e8b465ee728b)
Start importing Assets/CoffeeShopStarterPack/Materials/transparan.mat using Guid(2fbdaf6467d4342e6861bed4e750a9bf) Importer(815301076,1909f56bfc062723c751e8b465ee728b)  -> (artifact id: 'de02e2f24046557e50534571d863c8cb') in 0.264939 seconds
Number of updated asset objects reloaded before import = 0
Number of asset objects unloaded after import = 1
========================================================================
Received Import Request.
  Time since last request: 0.000086 seconds.
  path: Assets/CoffeeShopStarterPack/Models/PW_mochapot.fbx
  artifactKey: Guid(14757843bf5574ff3a9ff763ff4cc30c) Importer(815301076,1909f56bfc062723c751e8b465ee728b)
Start importing Assets/CoffeeShopStarterPack/Models/PW_mochapot.fbx using Guid(14757843bf5574ff3a9ff763ff4cc30c) Importer(815301076,1909f56bfc062723c751e8b465ee728b)  -> (artifact id: '75f71211e0222c2373a477106b99bb90') in 0.050413 seconds
Number of updated asset objects reloaded before import = 0
Number of asset objects unloaded after import = 10
========================================================================
Received Import Request.
  Time since last request: 0.000016 seconds.
  path: Assets/CoffeeShopStarterPack/Models/PW_doughnut_blackNwhite.fbx
  artifactKey: Guid(dc74e53f7f0b5495b9e760dd4803accb) Importer(815301076,1909f56bfc062723c751e8b465ee728b)
Start importing Assets/CoffeeShopStarterPack/Models/PW_doughnut_blackNwhite.fbx using Guid(dc74e53f7f0b5495b9e760dd4803accb) Importer(815301076,1909f56bfc062723c751e8b465ee728b)  -> (artifact id: 'efeca56d3d53579f004d1b734f19e1dc') in 0.021534 seconds
Number of updated asset objects reloaded before import = 0
Number of asset objects unloaded after import = 10
========================================================================
Received Import Request.
  Time since last request: 0.000015 seconds.
  path: Assets/CoffeeShopStarterPack/Prefabs/PW_cupboard02.prefab
  artifactKey: Guid(af9cdd9ba10234507875bb32ff50333b) Importer(815301076,1909f56bfc062723c751e8b465ee728b)
Start importing Assets/CoffeeShopStarterPack/Prefabs/PW_cupboard02.prefab using Guid(af9cdd9ba10234507875bb32ff50333b) Importer(815301076,1909f56bfc062723c751e8b465ee728b)  -> (artifact id: '39c08250786cfb151b038251a9590f30') in 0.016170 seconds
Number of updated asset objects reloaded before import = 0
Number of asset objects unloaded after import = 24
========================================================================
Received Import Request.
  Time since last request: 0.000018 seconds.
  path: Assets/CoffeeShopStarterPack/Prefabs/PW_cheesecake_blueberry.prefab
  artifactKey: Guid(3543dbd2cbef54b4395a83d1e32f7419) Importer(815301076,1909f56bfc062723c751e8b465ee728b)
Start importing Assets/CoffeeShopStarterPack/Prefabs/PW_cheesecake_blueberry.prefab using Guid(3543dbd2cbef54b4395a83d1e32f7419) Importer(815301076,1909f56bfc062723c751e8b465ee728b)  -> (artifact id: '4902c89552bd445ab02a42a6ff6a56b1') in 0.016013 seconds
Number of updated asset objects reloaded before import = 0
Number of asset objects unloaded after import = 10
========================================================================
Received Import Request.
  Time since last request: 0.000018 seconds.
  path: Assets/CoffeeShopStarterPack/Models/PW_frenchtoast_olives.fbx
  artifactKey: Guid(32506361bb24d4533be5d8292f71db7c) Importer(815301076,1909f56bfc062723c751e8b465ee728b)
Start importing Assets/CoffeeShopStarterPack/Models/PW_frenchtoast_olives.fbx using Guid(32506361bb24d4533be5d8292f71db7c) Importer(815301076,1909f56bfc062723c751e8b465ee728b)  -> (artifact id: '978763ed530f396b6142859c02509888') in 0.059455 seconds
Number of updated asset objects reloaded before import = 0
Number of asset objects unloaded after import = 30
========================================================================
Received Import Request.
  Time since last request: 0.000020 seconds.
  path: Assets/CoffeeShopStarterPack/Models/PW_display04.fbx
  artifactKey: Guid(5dc54757a2d9e4639ac7264cf85a6ab0) Importer(815301076,1909f56bfc062723c751e8b465ee728b)
Start importing Assets/CoffeeShopStarterPack/Models/PW_display04.fbx using Guid(5dc54757a2d9e4639ac7264cf85a6ab0) Importer(815301076,1909f56bfc062723c751e8b465ee728b)  -> (artifact id: '10e172c4de25deeb98528b22fc2a7d0e') in 0.037795 seconds
Number of updated asset objects reloaded before import = 0
Number of asset objects unloaded after import = 19
========================================================================
Received Import Request.
  Time since last request: 0.000024 seconds.
  path: Assets/CoffeeShopStarterPack/Models/PW_tea_cup02.fbx
  artifactKey: Guid(60f6fe9ffdb7146c3b195df2cdfb5555) Importer(815301076,1909f56bfc062723c751e8b465ee728b)
Start importing Assets/CoffeeShopStarterPack/Models/PW_tea_cup02.fbx using Guid(60f6fe9ffdb7146c3b195df2cdfb5555) Importer(815301076,1909f56bfc062723c751e8b465ee728b)  -> (artifact id: '3025cc22d2270d0f211ba05601f4e624') in 0.046766 seconds
Number of updated asset objects reloaded before import = 0
Number of asset objects unloaded after import = 24
========================================================================
Received Import Request.
  Time since last request: 0.000030 seconds.
  path: Assets/CoffeeShopStarterPack/Models/PW_display_cube.fbx
  artifactKey: Guid(7276eca7821664e98b34fb52692c3b8e) Importer(815301076,1909f56bfc062723c751e8b465ee728b)
Start importing Assets/CoffeeShopStarterPack/Models/PW_display_cube.fbx using Guid(7276eca7821664e98b34fb52692c3b8e) Importer(815301076,1909f56bfc062723c751e8b465ee728b)  -> (artifact id: '5d5007cb4bc6cff0a9fe0ca457309e5c') in 0.039726 seconds
Number of updated asset objects reloaded before import = 0
Number of asset objects unloaded after import = 19
========================================================================
Received Import Request.
  Time since last request: 0.000025 seconds.
  path: Assets/CoffeeShopStarterPack/Materials/ScreenshotPlane.mat
  artifactKey: Guid(69cc12a77690846bd94466103faaa307) Importer(815301076,1909f56bfc062723c751e8b465ee728b)
Start importing Assets/CoffeeShopStarterPack/Materials/ScreenshotPlane.mat using Guid(69cc12a77690846bd94466103faaa307) Importer(815301076,1909f56bfc062723c751e8b465ee728b)  -> (artifact id: '54b02d94b4618dc074794b72c4041e8a') in 0.008564 seconds
Number of updated asset objects reloaded before import = 0
Number of asset objects unloaded after import = 1
========================================================================
Received Import Request.
  Time since last request: 0.000028 seconds.
  path: Assets/CoffeeShopStarterPack/Models/PW_cookie.fbx
  artifactKey: Guid(18e651e9430dc49f8aba22d0b7b80602) Importer(815301076,1909f56bfc062723c751e8b465ee728b)
Start importing Assets/CoffeeShopStarterPack/Models/PW_cookie.fbx using Guid(18e651e9430dc49f8aba22d0b7b80602) Importer(815301076,1909f56bfc062723c751e8b465ee728b)  -> (artifact id: 'ac6310cb4a7bb5435f8e6a9c4c3b19c6') in 0.018167 seconds
Number of updated asset objects reloaded before import = 0
Number of asset objects unloaded after import = 10
========================================================================
Received Import Request.
  Time since last request: 0.000020 seconds.
  path: Assets/CoffeeShopStarterPack/Models/PW_cupcake_redvelvet.fbx
  artifactKey: Guid(765692888465b48fface3b65045b34ea) Importer(815301076,1909f56bfc062723c751e8b465ee728b)
Start importing Assets/CoffeeShopStarterPack/Models/PW_cupcake_redvelvet.fbx using Guid(765692888465b48fface3b65045b34ea) Importer(815301076,1909f56bfc062723c751e8b465ee728b)  -> (artifact id: '64ccc3f0bbbaa915a146fb32be1c5912') in 0.020467 seconds
Number of updated asset objects reloaded before import = 0
Number of asset objects unloaded after import = 10
========================================================================
Received Import Request.
  Time since last request: 0.000018 seconds.
  path: Assets/CoffeeShopStarterPack/Models/PW_sculent01_S.fbx
  artifactKey: Guid(408454ba3f9904f66bf28c1d4cecd9d0) Importer(815301076,1909f56bfc062723c751e8b465ee728b)
Start importing Assets/CoffeeShopStarterPack/Models/PW_sculent01_S.fbx using Guid(408454ba3f9904f66bf28c1d4cecd9d0) Importer(815301076,1909f56bfc062723c751e8b465ee728b)  -> (artifact id: '4e7710e32d253c7c91bb9068028caa61') in 0.063484 seconds
Number of updated asset objects reloaded before import = 0
Number of asset objects unloaded after import = 30
========================================================================
Received Import Request.
  Time since last request: 0.000019 seconds.
  path: Assets/CoffeeShopStarterPack/Prefabs/OrderGenerator.prefab
  artifactKey: Guid(4dee7bea4c4584015894b8d911e97c4c) Importer(815301076,1909f56bfc062723c751e8b465ee728b)
Start importing Assets/CoffeeShopStarterPack/Prefabs/OrderGenerator.prefab using Guid(4dee7bea4c4584015894b8d911e97c4c) Importer(815301076,1909f56bfc062723c751e8b465ee728b)  -> (artifact id: '6b1b34e014e30d207c542c99db730403') in 0.002413 seconds
Number of updated asset objects reloaded before import = 0
Number of asset objects unloaded after import = 5
========================================================================
Received Import Request.
  Time since last request: 0.000042 seconds.
  path: Assets/CoffeeShopStarterPack/Models/PW_espressomachine.fbx
  artifactKey: Guid(a701114f4f73445e2a34b6c76b96a622) Importer(815301076,1909f56bfc062723c751e8b465ee728b)
Start importing Assets/CoffeeShopStarterPack/Models/PW_espressomachine.fbx using Guid(a701114f4f73445e2a34b6c76b96a622) Importer(815301076,1909f56bfc062723c751e8b465ee728b)  -> (artifact id: 'd3d074fd78f3077f12b7a0a28e732849') in 0.038996 seconds
Number of updated asset objects reloaded before import = 0
Number of asset objects unloaded after import = 19
========================================================================
Received Import Request.
  Time since last request: 0.000017 seconds.
  path: Assets/CoffeeShopStarterPack/Models/PW_doughnut_pink.fbx
  artifactKey: Guid(5fbda09d5185a47febf22d3176f2aa76) Importer(815301076,1909f56bfc062723c751e8b465ee728b)
Start importing Assets/CoffeeShopStarterPack/Models/PW_doughnut_pink.fbx using Guid(5fbda09d5185a47febf22d3176f2aa76) Importer(815301076,1909f56bfc062723c751e8b465ee728b)  -> (artifact id: 'fad5a7be985f29b40e8af807842985f6') in 0.016764 seconds
Number of updated asset objects reloaded before import = 0
Number of asset objects unloaded after import = 10
========================================================================
Received Import Request.
  Time since last request: 0.000017 seconds.
  path: Assets/CoffeeShopStarterPack/Prefabs/PW_cup01.prefab
  artifactKey: Guid(8d57f19c265de49429f0074af4e75232) Importer(815301076,1909f56bfc062723c751e8b465ee728b)
Start importing Assets/CoffeeShopStarterPack/Prefabs/PW_cup01.prefab using Guid(8d57f19c265de49429f0074af4e75232) Importer(815301076,1909f56bfc062723c751e8b465ee728b)  -> (artifact id: '4eb9a7ffbfd18714523a3e253b2114d2') in 0.014442 seconds
Number of updated asset objects reloaded before import = 0
Number of asset objects unloaded after import = 18
========================================================================
Received Import Request.
  Time since last request: 0.000031 seconds.
  path: Assets/CoffeeShopStarterPack/Models/PW_cheesecake_chocolatte.fbx
  artifactKey: Guid(1f00f2bf39c2347bc844a6db1cdc4f74) Importer(815301076,1909f56bfc062723c751e8b465ee728b)
Start importing Assets/CoffeeShopStarterPack/Models/PW_cheesecake_chocolatte.fbx using Guid(1f00f2bf39c2347bc844a6db1cdc4f74) Importer(815301076,1909f56bfc062723c751e8b465ee728b)  -> (artifact id: '252e80c1fcd6e6ef2f487073cf1920b7') in 0.018426 seconds
Number of updated asset objects reloaded before import = 0
Number of asset objects unloaded after import = 10
========================================================================
Received Import Request.
  Time since last request: 0.000031 seconds.
  path: Assets/CoffeeShopStarterPack/Prefabs/PW_croissant_toserve.prefab
  artifactKey: Guid(b4ed931ca91f741b6a600b8a20639eed) Importer(815301076,1909f56bfc062723c751e8b465ee728b)
Start importing Assets/CoffeeShopStarterPack/Prefabs/PW_croissant_toserve.prefab using Guid(b4ed931ca91f741b6a600b8a20639eed) Importer(815301076,1909f56bfc062723c751e8b465ee728b)  -> (artifact id: '58e6ddf5ec317248b8158abce11c7de2') in 0.010882 seconds
Number of updated asset objects reloaded before import = 0
Number of asset objects unloaded after import = 30
========================================================================
Received Import Request.
  Time since last request: 0.000023 seconds.
  path: Assets/CoffeeShopStarterPack/Models/PW_sculent02_M.fbx
  artifactKey: Guid(b315e0acd12c34f1593c52b121b36ccb) Importer(815301076,1909f56bfc062723c751e8b465ee728b)
Start importing Assets/CoffeeShopStarterPack/Models/PW_sculent02_M.fbx using Guid(b315e0acd12c34f1593c52b121b36ccb) Importer(815301076,1909f56bfc062723c751e8b465ee728b)  -> (artifact id: 'aa67efb7515315bdd81c6ecb7c2e6769') in 0.059339 seconds
Number of updated asset objects reloaded before import = 0
Number of asset objects unloaded after import = 30
========================================================================
Received Import Request.
  Time since last request: 0.000021 seconds.
  path: Assets/CoffeeShopStarterPack/Models/PW_frenchtoas_cherry_tomato.fbx
  artifactKey: Guid(381eb029d06ce4246b00b6361a470447) Importer(815301076,1909f56bfc062723c751e8b465ee728b)
Start importing Assets/CoffeeShopStarterPack/Models/PW_frenchtoas_cherry_tomato.fbx using Guid(381eb029d06ce4246b00b6361a470447) Importer(815301076,1909f56bfc062723c751e8b465ee728b)  -> (artifact id: '49048321a7e83ad513555b4b332c36b0') in 0.049374 seconds
Number of updated asset objects reloaded before import = 0
Number of asset objects unloaded after import = 30
========================================================================
Received Import Request.
  Time since last request: 0.000115 seconds.
  path: Assets/CoffeeShopStarterPack/Models/PW_cupcake_cherry.fbx
  artifactKey: Guid(406287137d7714d64bf9b8529da1ed2c) Importer(815301076,1909f56bfc062723c751e8b465ee728b)
Start importing Assets/CoffeeShopStarterPack/Models/PW_cupcake_cherry.fbx using Guid(406287137d7714d64bf9b8529da1ed2c) Importer(815301076,1909f56bfc062723c751e8b465ee728b)  -> (artifact id: '907fcaa6645679835f6dc4482b082306') in 0.022843 seconds
Number of updated asset objects reloaded before import = 0
Number of asset objects unloaded after import = 10
========================================================================
Received Import Request.
  Time since last request: 0.000019 seconds.
  path: Assets/CoffeeShopStarterPack/Models/PW_cheesecake_blueberry.fbx
  artifactKey: Guid(eed7e310319bd46fe93f17de3399735e) Importer(815301076,1909f56bfc062723c751e8b465ee728b)
Start importing Assets/CoffeeShopStarterPack/Models/PW_cheesecake_blueberry.fbx using Guid(eed7e310319bd46fe93f17de3399735e) Importer(815301076,1909f56bfc062723c751e8b465ee728b)  -> (artifact id: 'bee1f3eecd8d3eb23bb2f504db0979cf') in 0.016425 seconds
Number of updated asset objects reloaded before import = 0
Number of asset objects unloaded after import = 10
========================================================================
Received Import Request.
  Time since last request: 0.000017 seconds.
  path: Assets/CoffeeShopStarterPack/Models/PW_tea_cup01.fbx
  artifactKey: Guid(5447f643858a8477c876258920bda300) Importer(815301076,1909f56bfc062723c751e8b465ee728b)
Start importing Assets/CoffeeShopStarterPack/Models/PW_tea_cup01.fbx using Guid(5447f643858a8477c876258920bda300) Importer(815301076,1909f56bfc062723c751e8b465ee728b)  -> (artifact id: '8d3bd41794e37ce7b6c54cef3bdf159b') in 0.047704 seconds
Number of updated asset objects reloaded before import = 0
Number of asset objects unloaded after import = 24
========================================================================
Received Import Request.
  Time since last request: 0.000020 seconds.
  path: Assets/CoffeeShopStarterPack/Models/PW_croissant_toserve.fbx
  artifactKey: Guid(b353e03ca33c443a28d7596980b9817f) Importer(815301076,1909f56bfc062723c751e8b465ee728b)
Start importing Assets/CoffeeShopStarterPack/Models/PW_croissant_toserve.fbx using Guid(b353e03ca33c443a28d7596980b9817f) Importer(815301076,1909f56bfc062723c751e8b465ee728b)  -> (artifact id: 'c87275df43ceeda96d8211d61eec145e') in 0.062690 seconds
Number of updated asset objects reloaded before import = 0
Number of asset objects unloaded after import = 30
========================================================================
Received Import Request.
  Time since last request: 0.000025 seconds.
  path: Assets/CoffeeShopStarterPack/Models/PW_cupboard01.fbx
  artifactKey: Guid(1dbdfa4032147440b8fd613c8d773807) Importer(815301076,1909f56bfc062723c751e8b465ee728b)
Start importing Assets/CoffeeShopStarterPack/Models/PW_cupboard01.fbx using Guid(1dbdfa4032147440b8fd613c8d773807) Importer(815301076,1909f56bfc062723c751e8b465ee728b)  -> (artifact id: '3f7a107b7581ce3388b564090e35808d') in 0.085118 seconds
Number of updated asset objects reloaded before import = 0
Number of asset objects unloaded after import = 36
========================================================================
Received Import Request.
  Time since last request: 0.000018 seconds.
  path: Assets/CoffeeShopStarterPack/Prefabs/PW_cupboard01.prefab
  artifactKey: Guid(31264236aa69f49fba6ca492242bd217) Importer(815301076,1909f56bfc062723c751e8b465ee728b)
Start importing Assets/CoffeeShopStarterPack/Prefabs/PW_cupboard01.prefab using Guid(31264236aa69f49fba6ca492242bd217) Importer(815301076,1909f56bfc062723c751e8b465ee728b)  -> (artifact id: '2e748641035f03cd4fc221a31ac509cc') in 0.012712 seconds
Number of updated asset objects reloaded before import = 0
Number of asset objects unloaded after import = 36
========================================================================
Received Import Request.
  Time since last request: 0.000019 seconds.
  path: Assets/CoffeeShopStarterPack/Models/PW_cup03.fbx
  artifactKey: Guid(4b94946eb51a14de2b21fd2198157b02) Importer(815301076,1909f56bfc062723c751e8b465ee728b)
Start importing Assets/CoffeeShopStarterPack/Models/PW_cup03.fbx using Guid(4b94946eb51a14de2b21fd2198157b02) Importer(815301076,1909f56bfc062723c751e8b465ee728b)  -> (artifact id: '87989afbbfcd1fe535af30fd67310e19') in 0.038092 seconds
Number of updated asset objects reloaded before import = 0
Number of asset objects unloaded after import = 18
========================================================================
Received Import Request.
  Time since last request: 0.000017 seconds.
  path: Assets/CoffeeShopStarterPack/Models/PW_cupboard_narrow.fbx
  artifactKey: Guid(a54fa2613a81641dca85abbac2f33681) Importer(815301076,1909f56bfc062723c751e8b465ee728b)
Start importing Assets/CoffeeShopStarterPack/Models/PW_cupboard_narrow.fbx using Guid(a54fa2613a81641dca85abbac2f33681) Importer(815301076,1909f56bfc062723c751e8b465ee728b)  -> (artifact id: 'b63053323befafc1c67d72a352590f11') in 0.048340 seconds
Number of updated asset objects reloaded before import = 0
Number of asset objects unloaded after import = 24
========================================================================
Received Import Request.
  Time since last request: 0.000019 seconds.
  path: Assets/CoffeeShopStarterPack/Models/PW_lemonade.fbx
  artifactKey: Guid(a9f5ed3a8b3bd4799986201336a88d8c) Importer(815301076,1909f56bfc062723c751e8b465ee728b)
Start importing Assets/CoffeeShopStarterPack/Models/PW_lemonade.fbx using Guid(a9f5ed3a8b3bd4799986201336a88d8c) Importer(815301076,1909f56bfc062723c751e8b465ee728b)  -> (artifact id: '4337ef05f845323facbc33869fe93f99') in 0.048545 seconds
Number of updated asset objects reloaded before import = 0
Number of asset objects unloaded after import = 25
========================================================================
Received Import Request.
  Time since last request: 0.000019 seconds.
  path: Assets/CoffeeShopStarterPack/Models/PW_cup01.fbx
  artifactKey: Guid(89c2450bbaa1c476bbe11493cb92548f) Importer(815301076,1909f56bfc062723c751e8b465ee728b)
Start importing Assets/CoffeeShopStarterPack/Models/PW_cup01.fbx using Guid(89c2450bbaa1c476bbe11493cb92548f) Importer(815301076,1909f56bfc062723c751e8b465ee728b)  -> (artifact id: '90e1910b5200506cdbd3a6f46e223b9d') in 0.033924 seconds
Number of updated asset objects reloaded before import = 0
Number of asset objects unloaded after import = 18
========================================================================
Received Import Request.
  Time since last request: 0.000025 seconds.
  path: Assets/CoffeeShopStarterPack/Models/PW_cup02.fbx
  artifactKey: Guid(53050a2a2cbdf45b38e0b675faa6f583) Importer(815301076,1909f56bfc062723c751e8b465ee728b)
Start importing Assets/CoffeeShopStarterPack/Models/PW_cup02.fbx using Guid(53050a2a2cbdf45b38e0b675faa6f583) Importer(815301076,1909f56bfc062723c751e8b465ee728b)  -> (artifact id: 'a7f2e72083e67a999405aec1f8635b45') in 0.035569 seconds
Number of updated asset objects reloaded before import = 0
Number of asset objects unloaded after import = 18
========================================================================
Received Import Request.
  Time since last request: 0.000019 seconds.
  path: Assets/CoffeeShopStarterPack/Models/PW_orangejuice.fbx
  artifactKey: Guid(196d6ff3eaa204a18b80ec8a9690b156) Importer(815301076,1909f56bfc062723c751e8b465ee728b)
Start importing Assets/CoffeeShopStarterPack/Models/PW_orangejuice.fbx using Guid(196d6ff3eaa204a18b80ec8a9690b156) Importer(815301076,1909f56bfc062723c751e8b465ee728b)  -> (artifact id: '9baeb407a57cbdffe14507d434ac4540') in 0.050778 seconds
Number of updated asset objects reloaded before import = 0
Number of asset objects unloaded after import = 25
========================================================================
Received Import Request.
  Time since last request: 0.000028 seconds.
  path: Assets/CoffeeShopStarterPack/Models/PW_frenchtoast_strawberry.fbx
  artifactKey: Guid(222ac09728f3b4b108ffe02260b42485) Importer(815301076,1909f56bfc062723c751e8b465ee728b)
Start importing Assets/CoffeeShopStarterPack/Models/PW_frenchtoast_strawberry.fbx using Guid(222ac09728f3b4b108ffe02260b42485) Importer(815301076,1909f56bfc062723c751e8b465ee728b)  -> (artifact id: '196b3bd47846ad708bea7e4792a033d9') in 0.062966 seconds
Number of updated asset objects reloaded before import = 0
Number of asset objects unloaded after import = 30
========================================================================
Received Import Request.
  Time since last request: 7.732533 seconds.
  path: Assets/Prefabs/PW_cupboard_narrow.prefab
  artifactKey: Guid(b8c3087888fc448acb63e643fea215d3) Importer(815301076,1909f56bfc062723c751e8b465ee728b)
Start importing Assets/Prefabs/PW_cupboard_narrow.prefab using Guid(b8c3087888fc448acb63e643fea215d3) Importer(815301076,1909f56bfc062723c751e8b465ee728b)  -> (artifact id: 'd6055f7df451ac3a4d9533934c297ac6') in 0.009157 seconds
Number of updated asset objects reloaded before import = 0
Number of asset objects unloaded after import = 24
========================================================================
Received Import Request.
  Time since last request: 0.000023 seconds.
  path: Assets/Prefabs/PW_doughnut_white.prefab
  artifactKey: Guid(77b051a1cce5b4a36a8cca319997554d) Importer(815301076,1909f56bfc062723c751e8b465ee728b)
Start importing Assets/Prefabs/PW_doughnut_white.prefab using Guid(77b051a1cce5b4a36a8cca319997554d) Importer(815301076,1909f56bfc062723c751e8b465ee728b)  -> (artifact id: 'df5e93b0196e70d16fea0030056cab40') in 0.008205 seconds
Number of updated asset objects reloaded before import = 0
Number of asset objects unloaded after import = 10
========================================================================
Received Import Request.
  Time since last request: 0.000017 seconds.
  path: Assets/Prefabs/PW_microwave.prefab
  artifactKey: Guid(67b6bd8afc16f482b8cdff490a857fa8) Importer(815301076,1909f56bfc062723c751e8b465ee728b)
Start importing Assets/Prefabs/PW_microwave.prefab using Guid(67b6bd8afc16f482b8cdff490a857fa8) Importer(815301076,1909f56bfc062723c751e8b465ee728b)  -> (artifact id: '54562e0be6c86f1f7ced2ca572eb2d08') in 0.013256 seconds
Number of updated asset objects reloaded before import = 0
Number of asset objects unloaded after import = 32
========================================================================
Received Import Request.
  Time since last request: 0.000029 seconds.
  path: Assets/Prefabs/PW_espressomachine.prefab
  artifactKey: Guid(a0634ab2a98bd4b78af017c116badda5) Importer(815301076,1909f56bfc062723c751e8b465ee728b)
Start importing Assets/Prefabs/PW_espressomachine.prefab using Guid(a0634ab2a98bd4b78af017c116badda5) Importer(815301076,1909f56bfc062723c751e8b465ee728b)  -> (artifact id: 'dbd026c48ecd309570ab093d88eeccf7') in 0.011708 seconds
Number of updated asset objects reloaded before import = 0
Number of asset objects unloaded after import = 19
========================================================================
Received Import Request.
  Time since last request: 0.000036 seconds.
  path: Assets/Prefabs/PW_sculent02_M.prefab
  artifactKey: Guid(57d0183927158465caf394ee21052bb5) Importer(815301076,1909f56bfc062723c751e8b465ee728b)
Start importing Assets/Prefabs/PW_sculent02_M.prefab using Guid(57d0183927158465caf394ee21052bb5) Importer(815301076,1909f56bfc062723c751e8b465ee728b)  -> (artifact id: 'a23487bac4f34810c0bd77bad6855adc') in 0.009203 seconds
Number of updated asset objects reloaded before import = 0
Number of asset objects unloaded after import = 30
========================================================================
Received Import Request.
  Time since last request: 0.000047 seconds.
  path: Assets/Prefabs/PW_sculent01_S.prefab
  artifactKey: Guid(cc432fe3a7a9e4db985762c1cf45d3c6) Importer(815301076,1909f56bfc062723c751e8b465ee728b)
Start importing Assets/Prefabs/PW_sculent01_S.prefab using Guid(cc432fe3a7a9e4db985762c1cf45d3c6) Importer(815301076,1909f56bfc062723c751e8b465ee728b)  -> (artifact id: 'b89daa84a11c78f7655f7faa1e7bba9f') in 0.009642 seconds
Number of updated asset objects reloaded before import = 0
Number of asset objects unloaded after import = 30
========================================================================
Received Import Request.
  Time since last request: 0.000022 seconds.
  path: Assets/Prefabs/PW_frenchtoast_olives.prefab
  artifactKey: Guid(340d47ae895ab4f1cb1c63107c57ff7f) Importer(815301076,1909f56bfc062723c751e8b465ee728b)
Start importing Assets/Prefabs/PW_frenchtoast_olives.prefab using Guid(340d47ae895ab4f1cb1c63107c57ff7f) Importer(815301076,1909f56bfc062723c751e8b465ee728b)  -> (artifact id: '94d7e6d2a06c30de85b022403985775c') in 0.011320 seconds
Number of updated asset objects reloaded before import = 0
Number of asset objects unloaded after import = 30
========================================================================
Received Import Request.
  Time since last request: 0.000016 seconds.
  path: Assets/Prefabs/PW_sculent01_M.prefab
  artifactKey: Guid(a880b7f20a3694308be2bff57c22dd9b) Importer(815301076,1909f56bfc062723c751e8b465ee728b)
Start importing Assets/Prefabs/PW_sculent01_M.prefab using Guid(a880b7f20a3694308be2bff57c22dd9b) Importer(815301076,1909f56bfc062723c751e8b465ee728b)  -> (artifact id: 'b948843ef53437adb2ddc30181343c38') in 0.012133 seconds
Number of updated asset objects reloaded before import = 0
Number of asset objects unloaded after import = 37
========================================================================
Received Import Request.
  Time since last request: 0.000017 seconds.
  path: Assets/Prefabs/PW_pan.prefab
  artifactKey: Guid(f3e44870c7d004aa3a92cdfabc5207bc) Importer(815301076,1909f56bfc062723c751e8b465ee728b)
Start importing Assets/Prefabs/PW_pan.prefab using Guid(f3e44870c7d004aa3a92cdfabc5207bc) Importer(815301076,1909f56bfc062723c751e8b465ee728b)  -> (artifact id: '7efb98eeb9fd72fdaf548f59de777777') in 0.009150 seconds
Number of updated asset objects reloaded before import = 0
Number of asset objects unloaded after import = 10
========================================================================
Received Import Request.
  Time since last request: 0.000017 seconds.
  path: Assets/Prefabs/PW_mochapot.prefab
  artifactKey: Guid(bbfd91b99086b4acb9d41d225cf41bb2) Importer(815301076,1909f56bfc062723c751e8b465ee728b)
Start importing Assets/Prefabs/PW_mochapot.prefab using Guid(bbfd91b99086b4acb9d41d225cf41bb2) Importer(815301076,1909f56bfc062723c751e8b465ee728b)  -> (artifact id: 'f879c8d48bed7cbffa743ee89641a518') in 0.012138 seconds
Number of updated asset objects reloaded before import = 0
Number of asset objects unloaded after import = 10
========================================================================
Received Import Request.
  Time since last request: 0.000036 seconds.
  path: Assets/Prefabs/PW_display04.prefab
  artifactKey: Guid(8cbd0a9a7593f47c696b2e27706abed8) Importer(815301076,1909f56bfc062723c751e8b465ee728b)
Start importing Assets/Prefabs/PW_display04.prefab using Guid(8cbd0a9a7593f47c696b2e27706abed8) Importer(815301076,1909f56bfc062723c751e8b465ee728b)  -> (artifact id: '5d1a5fc2054f6a42971cc50afd9e49da') in 0.009839 seconds
Number of updated asset objects reloaded before import = 0
Number of asset objects unloaded after import = 19
========================================================================
Received Import Request.
  Time since last request: 0.000019 seconds.
  path: Assets/Prefabs/PW_macaron_tower.prefab
  artifactKey: Guid(7afe7aeeef6f6423085b55ce10305c15) Importer(815301076,1909f56bfc062723c751e8b465ee728b)
Start importing Assets/Prefabs/PW_macaron_tower.prefab using Guid(7afe7aeeef6f6423085b55ce10305c15) Importer(815301076,1909f56bfc062723c751e8b465ee728b)  -> (artifact id: 'c08350c492efc20bd5377c6dcd6a0e42') in 0.012084 seconds
Number of updated asset objects reloaded before import = 0
Number of asset objects unloaded after import = 10
========================================================================
Received Import Request.
  Time since last request: 0.000016 seconds.
  path: Assets/Prefabs/PW_cupcake_oreo.prefab
  artifactKey: Guid(7c313b72ae95e4454901041fa86d8984) Importer(815301076,1909f56bfc062723c751e8b465ee728b)
Start importing Assets/Prefabs/PW_cupcake_oreo.prefab using Guid(7c313b72ae95e4454901041fa86d8984) Importer(815301076,1909f56bfc062723c751e8b465ee728b)  -> (artifact id: '13c56e6fcb5d7f2a85d81a2ac4e40c92') in 0.008246 seconds
Number of updated asset objects reloaded before import = 0
Number of asset objects unloaded after import = 10
========================================================================
Received Import Request.
  Time since last request: 0.000034 seconds.
  path: Assets/Prefabs/PW_display_cube02.prefab
  artifactKey: Guid(446c50f18dcf54a6f8feb4113c421b9e) Importer(815301076,1909f56bfc062723c751e8b465ee728b)
Start importing Assets/Prefabs/PW_display_cube02.prefab using Guid(446c50f18dcf54a6f8feb4113c421b9e) Importer(815301076,1909f56bfc062723c751e8b465ee728b)  -> (artifact id: '06783d9b271e8998cb3d9553d808c858') in 0.010376 seconds
Number of updated asset objects reloaded before import = 0
Number of asset objects unloaded after import = 10
========================================================================
Received Import Request.
  Time since last request: 0.000024 seconds.
  path: Assets/Prefabs/PW_plate01.prefab
  artifactKey: Guid(36aa94bb9e7364945ad8a487c4c3ee62) Importer(815301076,1909f56bfc062723c751e8b465ee728b)
Start importing Assets/Prefabs/PW_plate01.prefab using Guid(36aa94bb9e7364945ad8a487c4c3ee62) Importer(815301076,1909f56bfc062723c751e8b465ee728b)  -> (artifact id: 'bd78d0c436bffeecacca979eacf7641b') in 0.009594 seconds
Number of updated asset objects reloaded before import = 0
Number of asset objects unloaded after import = 10
========================================================================
Received Import Request.
  Time since last request: 0.000019 seconds.
  path: Assets/Prefabs/PW_macaronbox.prefab
  artifactKey: Guid(04e98152be2a54c62993ce0e60e111fe) Importer(815301076,1909f56bfc062723c751e8b465ee728b)
Start importing Assets/Prefabs/PW_macaronbox.prefab using Guid(04e98152be2a54c62993ce0e60e111fe) Importer(815301076,1909f56bfc062723c751e8b465ee728b)  -> (artifact id: 'f21449827bc3f12ae976189f8e3f3f1a') in 0.009555 seconds
Number of updated asset objects reloaded before import = 0
Number of asset objects unloaded after import = 10
========================================================================
Received Import Request.
  Time since last request: 0.000024 seconds.
  path: Assets/Prefabs/PW_cupcake_redvelvet.prefab
  artifactKey: Guid(450f6d2399809488dab3e957dfe78299) Importer(815301076,1909f56bfc062723c751e8b465ee728b)
Start importing Assets/Prefabs/PW_cupcake_redvelvet.prefab using Guid(450f6d2399809488dab3e957dfe78299) Importer(815301076,1909f56bfc062723c751e8b465ee728b)  -> (artifact id: 'eed9e406cb4bd30d1f846476d7224244') in 0.009879 seconds
Number of updated asset objects reloaded before import = 0
Number of asset objects unloaded after import = 10
========================================================================
Received Import Request.
  Time since last request: 8.913496 seconds.
  path: Assets/Scenes/PostProcessProfiles/ScreenshotProfile.asset
  artifactKey: Guid(cf0ed742d48ee45b491cb0d38bf431be) Importer(815301076,1909f56bfc062723c751e8b465ee728b)
Start importing Assets/Scenes/PostProcessProfiles/ScreenshotProfile.asset using Guid(cf0ed742d48ee45b491cb0d38bf431be) Importer(815301076,1909f56bfc062723c751e8b465ee728b)  -> (artifact id: '820231f81807dbf9b833d7891c53ccb4') in 0.001683 seconds
Number of updated asset objects reloaded before import = 0
Number of asset objects unloaded after import = 1
========================================================================
Received Prepare
Begin MonoManager ReloadAssembly
Symbol file LoadedFromMemory doesn't match image C:\Users\Max\source\repos\ECS189L-GameplayProgramming-Final-Project\Boba\Library\PackageCache\com.unity.visualscripting@1.8.0\Editor\VisualScripting.Core\Dependencies\YamlDotNet\Unity.VisualScripting.YamlDotNet.dll
Symbol file LoadedFromMemory doesn't match image C:\Users\Max\source\repos\ECS189L-GameplayProgramming-Final-Project\Boba\Library\PackageCache\com.unity.visualscripting@1.8.0\Editor\VisualScripting.Core\Dependencies\DotNetZip\Unity.VisualScripting.IonicZip.dll
- Loaded All Assemblies, in  0.563 seconds
Refreshing native plugins compatible for Editor in 2.41 ms, found 3 plugins.
Native extension for WindowsStandalone target not found
Mono: successfully reloaded assembly
- Finished resetting the current domain, in  1.020 seconds
Domain Reload Profiling:
	ReloadAssembly (197ms)
		BeginReloadAssembly (138ms)
			ExecutionOrderSort (0ms)
			DisableScriptedObjects (4ms)
			BackupInstance (0ms)
			ReleaseScriptingObjects (0ms)
			CreateAndSetChildDomain (41ms)
		LoadAllAssembliesAndSetupDomain (364ms)
			LoadAssemblies (211ms)
			RebuildTransferFunctionScriptingTraits (0ms)
			SetupTypeCache (209ms)
				TypeCache.Initialize (206ms)
					TypeCache.ScanAssembly (198ms)
				ResolveRequiredComponents (3ms)
		FinalizeReload (0ms)
			ReleaseScriptCaches (0ms)
			RebuildScriptCaches (0ms)
			SetupLoadedEditorAssemblies (491ms)
				LogAssemblyErrors (0ms)
				InitializePlatformSupportModulesInManaged (8ms)
				SetLoadedEditorAssemblies (8ms)
				RefreshPlugins (0ms)
				BeforeProcessingInitializeOnLoad (90ms)
				ProcessInitializeOnLoadAttributes (343ms)
				ProcessInitializeOnLoadMethodAttributes (26ms)
				AfterProcessingInitializeOnLoad (15ms)
				EditorAssembliesLoaded (0ms)
			ExecutionOrderSort2 (0ms)
			AwakeInstancesAfterBackupRestoration (11ms)
Refreshing native plugins compatible for Editor in 3.89 ms, found 3 plugins.
Preloading 0 native plugins for Editor in 0.00 ms.
Unloading 3055 Unused Serialized files (Serialized files now loaded: 0)
Unloading 22 unused Assets / (30.5 KB). Loaded Objects now: 3579.
Memory consumption went from 117.1 MB to 117.1 MB.
Total: 5.921100 ms (FindLiveObjects: 0.569400 ms CreateObjectMapping: 0.300200 ms MarkObjects: 4.987200 ms  DeleteObjects: 0.062100 ms)

Prepare: number of updated asset objects reloaded= 0
AssetImportParameters requested are different than current active one (requested -> active):
  custom:container-demuxer-ogg: 62fdf1f143b41e24485cea50d1cbac27 -> 
  custom:video-codec-MediaFoundation-h265: 746d11721c4dcdbdad8f713fa42b33f4 -> 
  custom:video-decoder-ogg-theora: a1e56fd34408186e4bbccfd4996cb3dc -> 
  custom:framework-win-MediaFoundation: 216162199b28c13a410421893ffa2e32 -> 
  custom:container-demuxer-webm: 4f35f7cbe854078d1ac9338744f61a02 -> 
  custom:container-muxer-webm: aa71ff27fc2769a1b78a27578f13a17b -> 
  custom:video-decoder-webm-vp8: 9c59270c3fd7afecdb556c50c9e8de78 -> 
  custom:AudioImporter_EditorPlatform: d09bf68614088b80899f8185d706f6e7 -> 
  custom:video-encoder-webm-vp8: eb34c28f22e8b96e1ab97ce403110664 -> 
  custom:audio-decoder-ogg-vorbis: bf7c407c2cedff20999df2af8eb42d56 -> 
  custom:audio-encoder-webm-vorbis: bf7c407c2cedff20999df2af8eb42d56 -> 
========================================================================
Received Prepare
Begin MonoManager ReloadAssembly
Symbol file LoadedFromMemory doesn't match image C:\Users\Max\source\repos\ECS189L-GameplayProgramming-Final-Project\Boba\Library\PackageCache\com.unity.visualscripting@1.8.0\Editor\VisualScripting.Core\Dependencies\YamlDotNet\Unity.VisualScripting.YamlDotNet.dll
Symbol file LoadedFromMemory doesn't match image C:\Users\Max\source\repos\ECS189L-GameplayProgramming-Final-Project\Boba\Library\PackageCache\com.unity.visualscripting@1.8.0\Editor\VisualScripting.Core\Dependencies\DotNetZip\Unity.VisualScripting.IonicZip.dll
- Loaded All Assemblies, in  0.557 seconds
Refreshing native plugins compatible for Editor in 2.34 ms, found 3 plugins.
Native extension for WindowsStandalone target not found
Mono: successfully reloaded assembly
- Finished resetting the current domain, in  0.944 seconds
Domain Reload Profiling:
	ReloadAssembly (184ms)
		BeginReloadAssembly (124ms)
			ExecutionOrderSort (0ms)
			DisableScriptedObjects (4ms)
			BackupInstance (0ms)
			ReleaseScriptingObjects (0ms)
			CreateAndSetChildDomain (40ms)
		LoadAllAssembliesAndSetupDomain (371ms)
			LoadAssemblies (200ms)
			RebuildTransferFunctionScriptingTraits (0ms)
			SetupTypeCache (220ms)
				TypeCache.Initialize (216ms)
					TypeCache.ScanAssembly (210ms)
				ResolveRequiredComponents (3ms)
		FinalizeReload (0ms)
			ReleaseScriptCaches (0ms)
			RebuildScriptCaches (0ms)
			SetupLoadedEditorAssemblies (451ms)
				LogAssemblyErrors (0ms)
				InitializePlatformSupportModulesInManaged (8ms)
				SetLoadedEditorAssemblies (7ms)
				RefreshPlugins (0ms)
				BeforeProcessingInitializeOnLoad (93ms)
				ProcessInitializeOnLoadAttributes (305ms)
				ProcessInitializeOnLoadMethodAttributes (28ms)
				AfterProcessingInitializeOnLoad (9ms)
				EditorAssembliesLoaded (0ms)
			ExecutionOrderSort2 (0ms)
			AwakeInstancesAfterBackupRestoration (12ms)
Refreshing native plugins compatible for Editor in 4.69 ms, found 3 plugins.
Preloading 0 native plugins for Editor in 0.00 ms.
Unloading 3056 Unused Serialized files (Serialized files now loaded: 0)
Unloading 22 unused Assets / (37.8 KB). Loaded Objects now: 3582.
Memory consumption went from 117.4 MB to 117.3 MB.
Total: 5.587100 ms (FindLiveObjects: 0.368200 ms CreateObjectMapping: 0.571200 ms MarkObjects: 4.563200 ms  DeleteObjects: 0.083300 ms)

Prepare: number of updated asset objects reloaded= 0
AssetImportParameters requested are different than current active one (requested -> active):
  custom:container-demuxer-ogg: 62fdf1f143b41e24485cea50d1cbac27 -> 
  custom:video-codec-MediaFoundation-h265: 746d11721c4dcdbdad8f713fa42b33f4 -> 
  custom:video-decoder-ogg-theora: a1e56fd34408186e4bbccfd4996cb3dc -> 
  custom:framework-win-MediaFoundation: 216162199b28c13a410421893ffa2e32 -> 
  custom:container-demuxer-webm: 4f35f7cbe854078d1ac9338744f61a02 -> 
  custom:container-muxer-webm: aa71ff27fc2769a1b78a27578f13a17b -> 
  custom:video-decoder-webm-vp8: 9c59270c3fd7afecdb556c50c9e8de78 -> 
  custom:AudioImporter_EditorPlatform: d09bf68614088b80899f8185d706f6e7 -> 
  custom:video-encoder-webm-vp8: eb34c28f22e8b96e1ab97ce403110664 -> 
  custom:audio-decoder-ogg-vorbis: bf7c407c2cedff20999df2af8eb42d56 -> 
  custom:audio-encoder-webm-vorbis: bf7c407c2cedff20999df2af8eb42d56 -> 
========================================================================
Received Prepare
Begin MonoManager ReloadAssembly
Symbol file LoadedFromMemory doesn't match image C:\Users\Max\source\repos\ECS189L-GameplayProgramming-Final-Project\Boba\Library\PackageCache\com.unity.visualscripting@1.8.0\Editor\VisualScripting.Core\Dependencies\YamlDotNet\Unity.VisualScripting.YamlDotNet.dll
Symbol file LoadedFromMemory doesn't match image C:\Users\Max\source\repos\ECS189L-GameplayProgramming-Final-Project\Boba\Library\PackageCache\com.unity.visualscripting@1.8.0\Editor\VisualScripting.Core\Dependencies\DotNetZip\Unity.VisualScripting.IonicZip.dll
- Loaded All Assemblies, in  0.563 seconds
Refreshing native plugins compatible for Editor in 2.58 ms, found 3 plugins.
Native extension for WindowsStandalone target not found
Mono: successfully reloaded assembly
- Finished resetting the current domain, in  0.895 seconds
Domain Reload Profiling:
	ReloadAssembly (189ms)
		BeginReloadAssembly (129ms)
			ExecutionOrderSort (0ms)
			DisableScriptedObjects (5ms)
			BackupInstance (0ms)
			ReleaseScriptingObjects (0ms)
			CreateAndSetChildDomain (39ms)
		LoadAllAssembliesAndSetupDomain (372ms)
			LoadAssemblies (214ms)
			RebuildTransferFunctionScriptingTraits (0ms)
			SetupTypeCache (210ms)
				TypeCache.Initialize (207ms)
					TypeCache.ScanAssembly (201ms)
				ResolveRequiredComponents (3ms)
		FinalizeReload (0ms)
			ReleaseScriptCaches (0ms)
			RebuildScriptCaches (0ms)
			SetupLoadedEditorAssemblies (460ms)
				LogAssemblyErrors (0ms)
				InitializePlatformSupportModulesInManaged (9ms)
				SetLoadedEditorAssemblies (9ms)
				RefreshPlugins (0ms)
				BeforeProcessingInitializeOnLoad (91ms)
				ProcessInitializeOnLoadAttributes (314ms)
				ProcessInitializeOnLoadMethodAttributes (28ms)
				AfterProcessingInitializeOnLoad (9ms)
				EditorAssembliesLoaded (0ms)
			ExecutionOrderSort2 (0ms)
			AwakeInstancesAfterBackupRestoration (11ms)
Refreshing native plugins compatible for Editor in 3.98 ms, found 3 plugins.
Preloading 0 native plugins for Editor in 0.00 ms.
Unloading 3056 Unused Serialized files (Serialized files now loaded: 0)
Unloading 22 unused Assets / (37.9 KB). Loaded Objects now: 3585.
Memory consumption went from 117.4 MB to 117.3 MB.
Total: 6.113400 ms (FindLiveObjects: 0.744600 ms CreateObjectMapping: 0.340700 ms MarkObjects: 4.944100 ms  DeleteObjects: 0.083200 ms)

Prepare: number of updated asset objects reloaded= 0
AssetImportParameters requested are different than current active one (requested -> active):
  custom:container-demuxer-ogg: 62fdf1f143b41e24485cea50d1cbac27 -> 
  custom:video-codec-MediaFoundation-h265: 746d11721c4dcdbdad8f713fa42b33f4 -> 
  custom:video-decoder-ogg-theora: a1e56fd34408186e4bbccfd4996cb3dc -> 
  custom:framework-win-MediaFoundation: 216162199b28c13a410421893ffa2e32 -> 
  custom:container-demuxer-webm: 4f35f7cbe854078d1ac9338744f61a02 -> 
  custom:container-muxer-webm: aa71ff27fc2769a1b78a27578f13a17b -> 
  custom:video-decoder-webm-vp8: 9c59270c3fd7afecdb556c50c9e8de78 -> 
  custom:AudioImporter_EditorPlatform: d09bf68614088b80899f8185d706f6e7 -> 
  custom:video-encoder-webm-vp8: eb34c28f22e8b96e1ab97ce403110664 -> 
  custom:audio-decoder-ogg-vorbis: bf7c407c2cedff20999df2af8eb42d56 -> 
  custom:audio-encoder-webm-vorbis: bf7c407c2cedff20999df2af8eb42d56 -> 
========================================================================
Received Prepare
Begin MonoManager ReloadAssembly
Symbol file LoadedFromMemory doesn't match image C:\Users\Max\source\repos\ECS189L-GameplayProgramming-Final-Project\Boba\Library\PackageCache\com.unity.visualscripting@1.8.0\Editor\VisualScripting.Core\Dependencies\YamlDotNet\Unity.VisualScripting.YamlDotNet.dll
Symbol file LoadedFromMemory doesn't match image C:\Users\Max\source\repos\ECS189L-GameplayProgramming-Final-Project\Boba\Library\PackageCache\com.unity.visualscripting@1.8.0\Editor\VisualScripting.Core\Dependencies\DotNetZip\Unity.VisualScripting.IonicZip.dll
- Loaded All Assemblies, in  0.550 seconds
Refreshing native plugins compatible for Editor in 2.41 ms, found 3 plugins.
Native extension for WindowsStandalone target not found
Mono: successfully reloaded assembly
- Finished resetting the current domain, in  0.971 seconds
Domain Reload Profiling:
	ReloadAssembly (190ms)
		BeginReloadAssembly (131ms)
			ExecutionOrderSort (0ms)
			DisableScriptedObjects (4ms)
			BackupInstance (0ms)
			ReleaseScriptingObjects (0ms)
			CreateAndSetChildDomain (43ms)
		LoadAllAssembliesAndSetupDomain (359ms)
			LoadAssemblies (196ms)
			RebuildTransferFunctionScriptingTraits (0ms)
			SetupTypeCache (211ms)
				TypeCache.Initialize (208ms)
					TypeCache.ScanAssembly (202ms)
				ResolveRequiredComponents (3ms)
		FinalizeReload (0ms)
			ReleaseScriptCaches (0ms)
			RebuildScriptCaches (0ms)
			SetupLoadedEditorAssemblies (496ms)
				LogAssemblyErrors (0ms)
				InitializePlatformSupportModulesInManaged (8ms)
				SetLoadedEditorAssemblies (5ms)
				RefreshPlugins (0ms)
				BeforeProcessingInitializeOnLoad (90ms)
				ProcessInitializeOnLoadAttributes (355ms)
				ProcessInitializeOnLoadMethodAttributes (30ms)
				AfterProcessingInitializeOnLoad (8ms)
				EditorAssembliesLoaded (0ms)
			ExecutionOrderSort2 (0ms)
			AwakeInstancesAfterBackupRestoration (12ms)
Refreshing native plugins compatible for Editor in 4.26 ms, found 3 plugins.
Preloading 0 native plugins for Editor in 0.00 ms.
Unloading 3056 Unused Serialized files (Serialized files now loaded: 0)
Unloading 22 unused Assets / (37.9 KB). Loaded Objects now: 3588.
Memory consumption went from 117.4 MB to 117.4 MB.
Total: 5.536800 ms (FindLiveObjects: 0.661900 ms CreateObjectMapping: 0.479600 ms MarkObjects: 4.273700 ms  DeleteObjects: 0.119600 ms)

Prepare: number of updated asset objects reloaded= 0
AssetImportParameters requested are different than current active one (requested -> active):
  custom:container-demuxer-ogg: 62fdf1f143b41e24485cea50d1cbac27 -> 
  custom:video-codec-MediaFoundation-h265: 746d11721c4dcdbdad8f713fa42b33f4 -> 
  custom:video-decoder-ogg-theora: a1e56fd34408186e4bbccfd4996cb3dc -> 
  custom:framework-win-MediaFoundation: 216162199b28c13a410421893ffa2e32 -> 
  custom:container-demuxer-webm: 4f35f7cbe854078d1ac9338744f61a02 -> 
  custom:container-muxer-webm: aa71ff27fc2769a1b78a27578f13a17b -> 
  custom:video-decoder-webm-vp8: 9c59270c3fd7afecdb556c50c9e8de78 -> 
  custom:AudioImporter_EditorPlatform: d09bf68614088b80899f8185d706f6e7 -> 
  custom:video-encoder-webm-vp8: eb34c28f22e8b96e1ab97ce403110664 -> 
  custom:audio-decoder-ogg-vorbis: bf7c407c2cedff20999df2af8eb42d56 -> 
  custom:audio-encoder-webm-vorbis: bf7c407c2cedff20999df2af8eb42d56 -> 
========================================================================
Received Prepare
Begin MonoManager ReloadAssembly
Symbol file LoadedFromMemory doesn't match image C:\Users\Max\source\repos\ECS189L-GameplayProgramming-Final-Project\Boba\Library\PackageCache\com.unity.visualscripting@1.8.0\Editor\VisualScripting.Core\Dependencies\YamlDotNet\Unity.VisualScripting.YamlDotNet.dll
Symbol file LoadedFromMemory doesn't match image C:\Users\Max\source\repos\ECS189L-GameplayProgramming-Final-Project\Boba\Library\PackageCache\com.unity.visualscripting@1.8.0\Editor\VisualScripting.Core\Dependencies\DotNetZip\Unity.VisualScripting.IonicZip.dll
- Loaded All Assemblies, in  0.576 seconds
Refreshing native plugins compatible for Editor in 3.22 ms, found 3 plugins.
Native extension for WindowsStandalone target not found
Mono: successfully reloaded assembly
- Finished resetting the current domain, in  0.844 seconds
Domain Reload Profiling:
	ReloadAssembly (192ms)
		BeginReloadAssembly (129ms)
			ExecutionOrderSort (0ms)
			DisableScriptedObjects (5ms)
			BackupInstance (0ms)
			ReleaseScriptingObjects (0ms)
			CreateAndSetChildDomain (38ms)
		LoadAllAssembliesAndSetupDomain (382ms)
			LoadAssemblies (210ms)
			RebuildTransferFunctionScriptingTraits (0ms)
			SetupTypeCache (223ms)
				TypeCache.Initialize (220ms)
					TypeCache.ScanAssembly (212ms)
				ResolveRequiredComponents (3ms)
		FinalizeReload (0ms)
			ReleaseScriptCaches (0ms)
			RebuildScriptCaches (0ms)
			SetupLoadedEditorAssemblies (437ms)
				LogAssemblyErrors (0ms)
				InitializePlatformSupportModulesInManaged (5ms)
				SetLoadedEditorAssemblies (4ms)
				RefreshPlugins (0ms)
				BeforeProcessingInitializeOnLoad (67ms)
				ProcessInitializeOnLoadAttributes (324ms)
				ProcessInitializeOnLoadMethodAttributes (28ms)
				AfterProcessingInitializeOnLoad (8ms)
				EditorAssembliesLoaded (0ms)
			ExecutionOrderSort2 (0ms)
			AwakeInstancesAfterBackupRestoration (11ms)
Refreshing native plugins compatible for Editor in 3.90 ms, found 3 plugins.
Preloading 0 native plugins for Editor in 0.00 ms.
Unloading 3056 Unused Serialized files (Serialized files now loaded: 0)
Unloading 22 unused Assets / (37.9 KB). Loaded Objects now: 3591.
Memory consumption went from 117.4 MB to 117.3 MB.
Total: 6.260100 ms (FindLiveObjects: 0.632800 ms CreateObjectMapping: 0.407300 ms MarkObjects: 5.139300 ms  DeleteObjects: 0.079200 ms)

Prepare: number of updated asset objects reloaded= 0
AssetImportParameters requested are different than current active one (requested -> active):
  custom:container-demuxer-ogg: 62fdf1f143b41e24485cea50d1cbac27 -> 
  custom:video-codec-MediaFoundation-h265: 746d11721c4dcdbdad8f713fa42b33f4 -> 
  custom:video-decoder-ogg-theora: a1e56fd34408186e4bbccfd4996cb3dc -> 
  custom:framework-win-MediaFoundation: 216162199b28c13a410421893ffa2e32 -> 
  custom:container-demuxer-webm: 4f35f7cbe854078d1ac9338744f61a02 -> 
  custom:container-muxer-webm: aa71ff27fc2769a1b78a27578f13a17b -> 
  custom:video-decoder-webm-vp8: 9c59270c3fd7afecdb556c50c9e8de78 -> 
  custom:AudioImporter_EditorPlatform: d09bf68614088b80899f8185d706f6e7 -> 
  custom:video-encoder-webm-vp8: eb34c28f22e8b96e1ab97ce403110664 -> 
  custom:audio-decoder-ogg-vorbis: bf7c407c2cedff20999df2af8eb42d56 -> 
  custom:audio-encoder-webm-vorbis: bf7c407c2cedff20999df2af8eb42d56 -> 
========================================================================
Received Prepare
Begin MonoManager ReloadAssembly
Symbol file LoadedFromMemory doesn't match image C:\Users\Max\source\repos\ECS189L-GameplayProgramming-Final-Project\Boba\Library\PackageCache\com.unity.visualscripting@1.8.0\Editor\VisualScripting.Core\Dependencies\YamlDotNet\Unity.VisualScripting.YamlDotNet.dll
Symbol file LoadedFromMemory doesn't match image C:\Users\Max\source\repos\ECS189L-GameplayProgramming-Final-Project\Boba\Library\PackageCache\com.unity.visualscripting@1.8.0\Editor\VisualScripting.Core\Dependencies\DotNetZip\Unity.VisualScripting.IonicZip.dll
- Loaded All Assemblies, in  0.566 seconds
Refreshing native plugins compatible for Editor in 3.98 ms, found 3 plugins.
Native extension for WindowsStandalone target not found
Mono: successfully reloaded assembly
- Finished resetting the current domain, in  0.919 seconds
Domain Reload Profiling:
	ReloadAssembly (204ms)
		BeginReloadAssembly (131ms)
			ExecutionOrderSort (0ms)
			DisableScriptedObjects (5ms)
			BackupInstance (0ms)
			ReleaseScriptingObjects (0ms)
			CreateAndSetChildDomain (42ms)
		LoadAllAssembliesAndSetupDomain (360ms)
			LoadAssemblies (193ms)
			RebuildTransferFunctionScriptingTraits (0ms)
			SetupTypeCache (219ms)
				TypeCache.Initialize (215ms)
					TypeCache.ScanAssembly (208ms)
				ResolveRequiredComponents (3ms)
		FinalizeReload (0ms)
			ReleaseScriptCaches (0ms)
			RebuildScriptCaches (0ms)
			SetupLoadedEditorAssemblies (472ms)
				LogAssemblyErrors (0ms)
				InitializePlatformSupportModulesInManaged (8ms)
				SetLoadedEditorAssemblies (6ms)
				RefreshPlugins (0ms)
				BeforeProcessingInitializeOnLoad (90ms)
				ProcessInitializeOnLoadAttributes (327ms)
				ProcessInitializeOnLoadMethodAttributes (33ms)
				AfterProcessingInitializeOnLoad (9ms)
				EditorAssembliesLoaded (0ms)
			ExecutionOrderSort2 (0ms)
			AwakeInstancesAfterBackupRestoration (11ms)
Refreshing native plugins compatible for Editor in 3.40 ms, found 3 plugins.
Preloading 0 native plugins for Editor in 0.00 ms.
Unloading 3056 Unused Serialized files (Serialized files now loaded: 0)
Unloading 22 unused Assets / (37.8 KB). Loaded Objects now: 3594.
Memory consumption went from 117.4 MB to 117.3 MB.
Total: 5.379000 ms (FindLiveObjects: 0.659100 ms CreateObjectMapping: 0.463300 ms MarkObjects: 4.190100 ms  DeleteObjects: 0.065200 ms)

Prepare: number of updated asset objects reloaded= 0
AssetImportParameters requested are different than current active one (requested -> active):
  custom:container-demuxer-ogg: 62fdf1f143b41e24485cea50d1cbac27 -> 
  custom:video-codec-MediaFoundation-h265: 746d11721c4dcdbdad8f713fa42b33f4 -> 
  custom:video-decoder-ogg-theora: a1e56fd34408186e4bbccfd4996cb3dc -> 
  custom:framework-win-MediaFoundation: 216162199b28c13a410421893ffa2e32 -> 
  custom:container-demuxer-webm: 4f35f7cbe854078d1ac9338744f61a02 -> 
  custom:container-muxer-webm: aa71ff27fc2769a1b78a27578f13a17b -> 
  custom:video-decoder-webm-vp8: 9c59270c3fd7afecdb556c50c9e8de78 -> 
  custom:AudioImporter_EditorPlatform: d09bf68614088b80899f8185d706f6e7 -> 
  custom:video-encoder-webm-vp8: eb34c28f22e8b96e1ab97ce403110664 -> 
  custom:audio-decoder-ogg-vorbis: bf7c407c2cedff20999df2af8eb42d56 -> 
  custom:audio-encoder-webm-vorbis: bf7c407c2cedff20999df2af8eb42d56 -> 
========================================================================
Received Prepare
Begin MonoManager ReloadAssembly
Symbol file LoadedFromMemory doesn't match image C:\Users\Max\source\repos\ECS189L-GameplayProgramming-Final-Project\Boba\Library\PackageCache\com.unity.visualscripting@1.8.0\Editor\VisualScripting.Core\Dependencies\YamlDotNet\Unity.VisualScripting.YamlDotNet.dll
Symbol file LoadedFromMemory doesn't match image C:\Users\Max\source\repos\ECS189L-GameplayProgramming-Final-Project\Boba\Library\PackageCache\com.unity.visualscripting@1.8.0\Editor\VisualScripting.Core\Dependencies\DotNetZip\Unity.VisualScripting.IonicZip.dll
- Loaded All Assemblies, in  0.636 seconds
Refreshing native plugins compatible for Editor in 2.25 ms, found 3 plugins.
Native extension for WindowsStandalone target not found
Mono: successfully reloaded assembly
- Finished resetting the current domain, in  1.062 seconds
Domain Reload Profiling:
	ReloadAssembly (199ms)
		BeginReloadAssembly (133ms)
			ExecutionOrderSort (0ms)
			DisableScriptedObjects (5ms)
			BackupInstance (0ms)
			ReleaseScriptingObjects (0ms)
			CreateAndSetChildDomain (43ms)
		LoadAllAssembliesAndSetupDomain (434ms)
			LoadAssemblies (247ms)
			RebuildTransferFunctionScriptingTraits (0ms)
			SetupTypeCache (237ms)
				TypeCache.Initialize (234ms)
					TypeCache.ScanAssembly (227ms)
				ResolveRequiredComponents (3ms)
		FinalizeReload (0ms)
			ReleaseScriptCaches (0ms)
			RebuildScriptCaches (0ms)
			SetupLoadedEditorAssemblies (492ms)
				LogAssemblyErrors (0ms)
				InitializePlatformSupportModulesInManaged (8ms)
				SetLoadedEditorAssemblies (7ms)
				RefreshPlugins (0ms)
				BeforeProcessingInitializeOnLoad (87ms)
				ProcessInitializeOnLoadAttributes (348ms)
				ProcessInitializeOnLoadMethodAttributes (31ms)
				AfterProcessingInitializeOnLoad (10ms)
				EditorAssembliesLoaded (0ms)
			ExecutionOrderSort2 (0ms)
			AwakeInstancesAfterBackupRestoration (12ms)
Refreshing native plugins compatible for Editor in 3.66 ms, found 3 plugins.
Preloading 0 native plugins for Editor in 0.00 ms.
Unloading 3056 Unused Serialized files (Serialized files now loaded: 0)
Unloading 22 unused Assets / (37.9 KB). Loaded Objects now: 3597.
Memory consumption went from 117.4 MB to 117.3 MB.
Total: 3.213700 ms (FindLiveObjects: 0.320600 ms CreateObjectMapping: 0.142600 ms MarkObjects: 2.688300 ms  DeleteObjects: 0.061000 ms)

Prepare: number of updated asset objects reloaded= 0
AssetImportParameters requested are different than current active one (requested -> active):
  custom:container-demuxer-ogg: 62fdf1f143b41e24485cea50d1cbac27 -> 
  custom:video-codec-MediaFoundation-h265: 746d11721c4dcdbdad8f713fa42b33f4 -> 
  custom:video-decoder-ogg-theora: a1e56fd34408186e4bbccfd4996cb3dc -> 
  custom:framework-win-MediaFoundation: 216162199b28c13a410421893ffa2e32 -> 
  custom:container-demuxer-webm: 4f35f7cbe854078d1ac9338744f61a02 -> 
  custom:container-muxer-webm: aa71ff27fc2769a1b78a27578f13a17b -> 
  custom:video-decoder-webm-vp8: 9c59270c3fd7afecdb556c50c9e8de78 -> 
  custom:AudioImporter_EditorPlatform: d09bf68614088b80899f8185d706f6e7 -> 
  custom:video-encoder-webm-vp8: eb34c28f22e8b96e1ab97ce403110664 -> 
  custom:audio-decoder-ogg-vorbis: bf7c407c2cedff20999df2af8eb42d56 -> 
  custom:audio-encoder-webm-vorbis: bf7c407c2cedff20999df2af8eb42d56 -> 
========================================================================
Received Prepare
Begin MonoManager ReloadAssembly
Symbol file LoadedFromMemory doesn't match image C:\Users\Max\source\repos\ECS189L-GameplayProgramming-Final-Project\Boba\Library\PackageCache\com.unity.visualscripting@1.8.0\Editor\VisualScripting.Core\Dependencies\YamlDotNet\Unity.VisualScripting.YamlDotNet.dll
Symbol file LoadedFromMemory doesn't match image C:\Users\Max\source\repos\ECS189L-GameplayProgramming-Final-Project\Boba\Library\PackageCache\com.unity.visualscripting@1.8.0\Editor\VisualScripting.Core\Dependencies\DotNetZip\Unity.VisualScripting.IonicZip.dll
- Loaded All Assemblies, in  0.642 seconds
Refreshing native plugins compatible for Editor in 2.93 ms, found 3 plugins.
Native extension for WindowsStandalone target not found
Mono: successfully reloaded assembly
- Finished resetting the current domain, in  1.210 seconds
Domain Reload Profiling:
	ReloadAssembly (218ms)
		BeginReloadAssembly (149ms)
			ExecutionOrderSort (0ms)
			DisableScriptedObjects (5ms)
			BackupInstance (0ms)
			ReleaseScriptingObjects (0ms)
			CreateAndSetChildDomain (45ms)
		LoadAllAssembliesAndSetupDomain (422ms)
			LoadAssemblies (232ms)
			RebuildTransferFunctionScriptingTraits (0ms)
			SetupTypeCache (254ms)
				TypeCache.Initialize (250ms)
					TypeCache.ScanAssembly (241ms)
				ResolveRequiredComponents (4ms)
		FinalizeReload (0ms)
			ReleaseScriptCaches (0ms)
			RebuildScriptCaches (0ms)
			SetupLoadedEditorAssemblies (567ms)
				LogAssemblyErrors (0ms)
				InitializePlatformSupportModulesInManaged (10ms)
				SetLoadedEditorAssemblies (7ms)
				RefreshPlugins (0ms)
				BeforeProcessingInitializeOnLoad (95ms)
				ProcessInitializeOnLoadAttributes (404ms)
				ProcessInitializeOnLoadMethodAttributes (42ms)
				AfterProcessingInitializeOnLoad (9ms)
				EditorAssembliesLoaded (0ms)
			ExecutionOrderSort2 (0ms)
			AwakeInstancesAfterBackupRestoration (15ms)
Refreshing native plugins compatible for Editor in 3.14 ms, found 3 plugins.
Preloading 0 native plugins for Editor in 0.00 ms.
Unloading 3056 Unused Serialized files (Serialized files now loaded: 0)
Unloading 22 unused Assets / (37.9 KB). Loaded Objects now: 3600.
Memory consumption went from 117.4 MB to 117.3 MB.
Total: 3.375200 ms (FindLiveObjects: 0.314500 ms CreateObjectMapping: 0.133700 ms MarkObjects: 2.865100 ms  DeleteObjects: 0.060300 ms)

Prepare: number of updated asset objects reloaded= 0
AssetImportParameters requested are different than current active one (requested -> active):
  custom:container-demuxer-ogg: 62fdf1f143b41e24485cea50d1cbac27 -> 
  custom:video-codec-MediaFoundation-h265: 746d11721c4dcdbdad8f713fa42b33f4 -> 
  custom:video-decoder-ogg-theora: a1e56fd34408186e4bbccfd4996cb3dc -> 
  custom:framework-win-MediaFoundation: 216162199b28c13a410421893ffa2e32 -> 
  custom:container-demuxer-webm: 4f35f7cbe854078d1ac9338744f61a02 -> 
  custom:container-muxer-webm: aa71ff27fc2769a1b78a27578f13a17b -> 
  custom:video-decoder-webm-vp8: 9c59270c3fd7afecdb556c50c9e8de78 -> 
  custom:AudioImporter_EditorPlatform: d09bf68614088b80899f8185d706f6e7 -> 
  custom:video-encoder-webm-vp8: eb34c28f22e8b96e1ab97ce403110664 -> 
  custom:audio-decoder-ogg-vorbis: bf7c407c2cedff20999df2af8eb42d56 -> 
  custom:audio-encoder-webm-vorbis: bf7c407c2cedff20999df2af8eb42d56 -> 
========================================================================
Received Prepare
Begin MonoManager ReloadAssembly
Symbol file LoadedFromMemory doesn't match image C:\Users\Max\source\repos\ECS189L-GameplayProgramming-Final-Project\Boba\Library\PackageCache\com.unity.visualscripting@1.8.0\Editor\VisualScripting.Core\Dependencies\YamlDotNet\Unity.VisualScripting.YamlDotNet.dll
Symbol file LoadedFromMemory doesn't match image C:\Users\Max\source\repos\ECS189L-GameplayProgramming-Final-Project\Boba\Library\PackageCache\com.unity.visualscripting@1.8.0\Editor\VisualScripting.Core\Dependencies\DotNetZip\Unity.VisualScripting.IonicZip.dll
- Loaded All Assemblies, in  0.580 seconds
Refreshing native plugins compatible for Editor in 3.16 ms, found 3 plugins.
Native extension for WindowsStandalone target not found
Mono: successfully reloaded assembly
- Finished resetting the current domain, in  0.897 seconds
Domain Reload Profiling:
	ReloadAssembly (186ms)
		BeginReloadAssembly (127ms)
			ExecutionOrderSort (0ms)
			DisableScriptedObjects (5ms)
			BackupInstance (0ms)
			ReleaseScriptingObjects (0ms)
			CreateAndSetChildDomain (39ms)
		LoadAllAssembliesAndSetupDomain (392ms)
			LoadAssemblies (201ms)
			RebuildTransferFunctionScriptingTraits (0ms)
			SetupTypeCache (243ms)
				TypeCache.Initialize (239ms)
					TypeCache.ScanAssembly (232ms)
				ResolveRequiredComponents (3ms)
		FinalizeReload (0ms)
			ReleaseScriptCaches (0ms)
			RebuildScriptCaches (0ms)
			SetupLoadedEditorAssemblies (452ms)
				LogAssemblyErrors (0ms)
				InitializePlatformSupportModulesInManaged (15ms)
				SetLoadedEditorAssemblies (5ms)
				RefreshPlugins (0ms)
				BeforeProcessingInitializeOnLoad (77ms)
				ProcessInitializeOnLoadAttributes (314ms)
				ProcessInitializeOnLoadMethodAttributes (31ms)
				AfterProcessingInitializeOnLoad (9ms)
				EditorAssembliesLoaded (0ms)
			ExecutionOrderSort2 (0ms)
			AwakeInstancesAfterBackupRestoration (13ms)
Refreshing native plugins compatible for Editor in 3.57 ms, found 3 plugins.
Preloading 0 native plugins for Editor in 0.00 ms.
Unloading 3056 Unused Serialized files (Serialized files now loaded: 0)
Unloading 22 unused Assets / (37.8 KB). Loaded Objects now: 3603.
Memory consumption went from 117.4 MB to 117.3 MB.
Total: 5.053600 ms (FindLiveObjects: 0.452100 ms CreateObjectMapping: 0.348700 ms MarkObjects: 4.136700 ms  DeleteObjects: 0.113400 ms)

Prepare: number of updated asset objects reloaded= 0
AssetImportParameters requested are different than current active one (requested -> active):
  custom:container-demuxer-ogg: 62fdf1f143b41e24485cea50d1cbac27 -> 
  custom:video-codec-MediaFoundation-h265: 746d11721c4dcdbdad8f713fa42b33f4 -> 
  custom:video-decoder-ogg-theora: a1e56fd34408186e4bbccfd4996cb3dc -> 
  custom:framework-win-MediaFoundation: 216162199b28c13a410421893ffa2e32 -> 
  custom:container-demuxer-webm: 4f35f7cbe854078d1ac9338744f61a02 -> 
  custom:container-muxer-webm: aa71ff27fc2769a1b78a27578f13a17b -> 
  custom:video-decoder-webm-vp8: 9c59270c3fd7afecdb556c50c9e8de78 -> 
  custom:AudioImporter_EditorPlatform: d09bf68614088b80899f8185d706f6e7 -> 
  custom:video-encoder-webm-vp8: eb34c28f22e8b96e1ab97ce403110664 -> 
  custom:audio-decoder-ogg-vorbis: bf7c407c2cedff20999df2af8eb42d56 -> 
  custom:audio-encoder-webm-vorbis: bf7c407c2cedff20999df2af8eb42d56 -> 
========================================================================
Received Prepare
Begin MonoManager ReloadAssembly
Symbol file LoadedFromMemory doesn't match image C:\Users\Max\source\repos\ECS189L-GameplayProgramming-Final-Project\Boba\Library\PackageCache\com.unity.visualscripting@1.8.0\Editor\VisualScripting.Core\Dependencies\YamlDotNet\Unity.VisualScripting.YamlDotNet.dll
Symbol file LoadedFromMemory doesn't match image C:\Users\Max\source\repos\ECS189L-GameplayProgramming-Final-Project\Boba\Library\PackageCache\com.unity.visualscripting@1.8.0\Editor\VisualScripting.Core\Dependencies\DotNetZip\Unity.VisualScripting.IonicZip.dll
- Loaded All Assemblies, in  0.800 seconds
Refreshing native plugins compatible for Editor in 2.80 ms, found 3 plugins.
Native extension for WindowsStandalone target not found
Mono: successfully reloaded assembly
- Finished resetting the current domain, in  0.863 seconds
Domain Reload Profiling:
	ReloadAssembly (360ms)
		BeginReloadAssembly (240ms)
			ExecutionOrderSort (0ms)
			DisableScriptedObjects (9ms)
			BackupInstance (0ms)
			ReleaseScriptingObjects (0ms)
			CreateAndSetChildDomain (74ms)
		LoadAllAssembliesAndSetupDomain (434ms)
			LoadAssemblies (301ms)
			RebuildTransferFunctionScriptingTraits (0ms)
			SetupTypeCache (241ms)
				TypeCache.Initialize (233ms)
					TypeCache.ScanAssembly (226ms)
				ResolveRequiredComponents (4ms)
		FinalizeReload (0ms)
			ReleaseScriptCaches (0ms)
			RebuildScriptCaches (0ms)
			SetupLoadedEditorAssemblies (381ms)
				LogAssemblyErrors (0ms)
				InitializePlatformSupportModulesInManaged (6ms)
				SetLoadedEditorAssemblies (4ms)
				RefreshPlugins (0ms)
				BeforeProcessingInitializeOnLoad (73ms)
				ProcessInitializeOnLoadAttributes (257ms)
				ProcessInitializeOnLoadMethodAttributes (30ms)
				AfterProcessingInitializeOnLoad (12ms)
				EditorAssembliesLoaded (1ms)
			ExecutionOrderSort2 (0ms)
			AwakeInstancesAfterBackupRestoration (19ms)
Refreshing native plugins compatible for Editor in 4.39 ms, found 3 plugins.
Preloading 0 native plugins for Editor in 0.00 ms.
Unloading 3057 Unused Serialized files (Serialized files now loaded: 0)
Unloading 22 unused Assets / (37.8 KB). Loaded Objects now: 3607.
Memory consumption went from 117.4 MB to 117.4 MB.
Total: 5.684700 ms (FindLiveObjects: 0.594500 ms CreateObjectMapping: 0.308800 ms MarkObjects: 4.703200 ms  DeleteObjects: 0.076800 ms)

Prepare: number of updated asset objects reloaded= 0
AssetImportParameters requested are different than current active one (requested -> active):
  custom:container-demuxer-ogg: 62fdf1f143b41e24485cea50d1cbac27 -> 
  custom:video-codec-MediaFoundation-h265: 746d11721c4dcdbdad8f713fa42b33f4 -> 
  custom:video-decoder-ogg-theora: a1e56fd34408186e4bbccfd4996cb3dc -> 
  custom:framework-win-MediaFoundation: 216162199b28c13a410421893ffa2e32 -> 
  custom:container-demuxer-webm: 4f35f7cbe854078d1ac9338744f61a02 -> 
  custom:container-muxer-webm: aa71ff27fc2769a1b78a27578f13a17b -> 
  custom:video-decoder-webm-vp8: 9c59270c3fd7afecdb556c50c9e8de78 -> 
  custom:AudioImporter_EditorPlatform: d09bf68614088b80899f8185d706f6e7 -> 
  custom:video-encoder-webm-vp8: eb34c28f22e8b96e1ab97ce403110664 -> 
  custom:audio-decoder-ogg-vorbis: bf7c407c2cedff20999df2af8eb42d56 -> 
  custom:audio-encoder-webm-vorbis: bf7c407c2cedff20999df2af8eb42d56 -> 
========================================================================
Received Prepare
Begin MonoManager ReloadAssembly
Symbol file LoadedFromMemory doesn't match image C:\Users\Max\source\repos\ECS189L-GameplayProgramming-Final-Project\Boba\Library\PackageCache\com.unity.visualscripting@1.8.0\Editor\VisualScripting.Core\Dependencies\YamlDotNet\Unity.VisualScripting.YamlDotNet.dll
Symbol file LoadedFromMemory doesn't match image C:\Users\Max\source\repos\ECS189L-GameplayProgramming-Final-Project\Boba\Library\PackageCache\com.unity.visualscripting@1.8.0\Editor\VisualScripting.Core\Dependencies\DotNetZip\Unity.VisualScripting.IonicZip.dll
- Loaded All Assemblies, in  1.190 seconds
Refreshing native plugins compatible for Editor in 5.01 ms, found 3 plugins.
Native extension for WindowsStandalone target not found
Mono: successfully reloaded assembly
- Finished resetting the current domain, in  1.195 seconds
Domain Reload Profiling:
	ReloadAssembly (365ms)
		BeginReloadAssembly (236ms)
			ExecutionOrderSort (0ms)
			DisableScriptedObjects (9ms)
			BackupInstance (0ms)
			ReleaseScriptingObjects (0ms)
			CreateAndSetChildDomain (59ms)
		LoadAllAssembliesAndSetupDomain (816ms)
			LoadAssemblies (412ms)
			RebuildTransferFunctionScriptingTraits (0ms)
			SetupTypeCache (513ms)
				TypeCache.Initialize (503ms)
					TypeCache.ScanAssembly (491ms)
				ResolveRequiredComponents (5ms)
		FinalizeReload (0ms)
			ReleaseScriptCaches (0ms)
			RebuildScriptCaches (0ms)
			SetupLoadedEditorAssemblies (416ms)
				LogAssemblyErrors (0ms)
				InitializePlatformSupportModulesInManaged (19ms)
				SetLoadedEditorAssemblies (10ms)
				RefreshPlugins (0ms)
				BeforeProcessingInitializeOnLoad (117ms)
				ProcessInitializeOnLoadAttributes (245ms)
				ProcessInitializeOnLoadMethodAttributes (19ms)
				AfterProcessingInitializeOnLoad (7ms)
				EditorAssembliesLoaded (0ms)
			ExecutionOrderSort2 (0ms)
			AwakeInstancesAfterBackupRestoration (8ms)
Refreshing native plugins compatible for Editor in 4.52 ms, found 3 plugins.
Preloading 0 native plugins for Editor in 0.00 ms.
Unloading 3057 Unused Serialized files (Serialized files now loaded: 0)
Unloading 22 unused Assets / (37.8 KB). Loaded Objects now: 3610.
Memory consumption went from 117.4 MB to 117.4 MB.
Total: 3.593300 ms (FindLiveObjects: 0.284500 ms CreateObjectMapping: 0.089400 ms MarkObjects: 3.167800 ms  DeleteObjects: 0.050200 ms)

Prepare: number of updated asset objects reloaded= 0
AssetImportParameters requested are different than current active one (requested -> active):
  custom:container-demuxer-ogg: 62fdf1f143b41e24485cea50d1cbac27 -> 
  custom:video-codec-MediaFoundation-h265: 746d11721c4dcdbdad8f713fa42b33f4 -> 
  custom:video-decoder-ogg-theora: a1e56fd34408186e4bbccfd4996cb3dc -> 
  custom:framework-win-MediaFoundation: 216162199b28c13a410421893ffa2e32 -> 
  custom:container-demuxer-webm: 4f35f7cbe854078d1ac9338744f61a02 -> 
  custom:container-muxer-webm: aa71ff27fc2769a1b78a27578f13a17b -> 
  custom:video-decoder-webm-vp8: 9c59270c3fd7afecdb556c50c9e8de78 -> 
  custom:AudioImporter_EditorPlatform: d09bf68614088b80899f8185d706f6e7 -> 
  custom:video-encoder-webm-vp8: eb34c28f22e8b96e1ab97ce403110664 -> 
  custom:audio-decoder-ogg-vorbis: bf7c407c2cedff20999df2af8eb42d56 -> 
  custom:audio-encoder-webm-vorbis: bf7c407c2cedff20999df2af8eb42d56 -> 
